<?xml version="1.0" encoding="UTF-8"?>
<!-- Generated by org.testng.reporters.JUnitReportReporter -->
<testsuite hostname="Itexicos-MacBook-Pro.local" failures="0" tests="1" name="EddieByGiddy.EddieByGiddyMaven.AddToCartEddieOneTime" time="20.573" errors="0" timestamp="2021-04-21T09:20:33 CDT" skipped="0">
  <testcase classname="EddieByGiddy.EddieByGiddyMaven.AddToCartEddieOneTime" name="EddieOneTime" time="20.573"/>
  <system-out/>
</testsuite> <!-- EddieByGiddy.EddieByGiddyMaven.AddToCartEddieOneTime -->
