<?xml version="1.0" encoding="UTF-8"?>
<!-- Generated by org.testng.reporters.JUnitReportReporter -->
<testsuite hostname="Itexicos-MacBook-Pro.local" failures="0" tests="1" name="EddieByGiddy.EddieByGiddyMaven.Login" time="11.256" errors="0" timestamp="2021-04-21T12:29:43 CDT" skipped="0">
  <testcase classname="EddieByGiddy.EddieByGiddyMaven.Login" name="LoginSU" time="11.256"/>
  <system-out/>
</testsuite> <!-- EddieByGiddy.EddieByGiddyMaven.Login -->
