<?xml version="1.0" encoding="UTF-8"?>
<!-- Generated by org.testng.reporters.JUnitReportReporter -->
<testsuite hostname="Itexicos-MacBook-Pro.local" failures="0" tests="1" name="EddieByGiddy.EddieByGiddyMaven.AppTest" time="0.017" errors="0" timestamp="2021-04-08T09:06:35 CDT" skipped="0">
  <testcase classname="EddieByGiddy.EddieByGiddyMaven.AppTest" name="shouldAnswerWithTrue" time="0.017"/>
  <system-out/>
</testsuite> <!-- EddieByGiddy.EddieByGiddyMaven.AppTest -->
