<?xml version="1.0" encoding="UTF-8"?>
<!-- Generated by org.testng.reporters.JUnitReportReporter -->
<testsuite hostname="Itexicos-MacBook-Pro.local" failures="0" tests="1" name="EddieByGiddy.EddieByGiddyMaven.CreateAccount2" time="12.356" errors="0" timestamp="2021-04-21T10:55:30 CDT" skipped="0">
  <testcase classname="EddieByGiddy.EddieByGiddyMaven.CreateAccount2" name="CreateAccountAmazon" time="12.356"/>
  <system-out/>
</testsuite> <!-- EddieByGiddy.EddieByGiddyMaven.CreateAccount2 -->
