<?xml version="1.0" encoding="UTF-8"?>
<!-- Generated by org.testng.reporters.JUnitReportReporter -->
<testsuite hostname="Itexicos-MacBook-Pro.local" failures="0" tests="1" name="EddieByGiddy.EddieByGiddyMaven.LinksWorkin" time="102.500" errors="0" timestamp="2021-04-21T10:58:56 CDT" skipped="0">
  <testcase classname="EddieByGiddy.EddieByGiddyMaven.LinksWorkin" name="linksWorking" time="102.500"/>
  <system-out/>
</testsuite> <!-- EddieByGiddy.EddieByGiddyMaven.LinksWorkin -->
