<?xml version="1.0" encoding="UTF-8"?>
<!-- Generated by org.testng.reporters.JUnitReportReporter -->
<testsuite hostname="Itexicos-MacBook-Pro.local" failures="0" tests="1" name="EddieByGiddy.EddieByGiddyMaven.EdGuide" time="17.079" errors="0" timestamp="2021-04-21T11:14:01 CDT" skipped="0">
  <testcase classname="EddieByGiddy.EddieByGiddyMaven.EdGuide" name="FilterByTopic" time="17.079"/>
  <system-out/>
</testsuite> <!-- EddieByGiddy.EddieByGiddyMaven.EdGuide -->
