<?xml version="1.0" encoding="UTF-8"?>
<!-- Generated by org.testng.reporters.JUnitReportReporter -->
<testsuite hostname="Itexicos-MacBook-Pro.local" failures="0" tests="2" name="EddieByGiddy.EddieByGiddyMaven.Quiz" time="107.133" errors="0" timestamp="2021-04-21T11:23:08 CDT" skipped="0">
  <testcase classname="EddieByGiddy.EddieByGiddyMaven.Quiz" name="TakeQuizMPFor" time="53.533"/>
  <system-out/>
  <testcase classname="EddieByGiddy.EddieByGiddyMaven.Quiz" name="TakeQuizMSFor" time="53.600"/>
  <system-out/>
</testsuite> <!-- EddieByGiddy.EddieByGiddyMaven.Quiz -->
