<?xml version="1.0" encoding="UTF-8"?>
<!-- Generated by org.testng.reporters.JUnitReportReporter -->
<testsuite hostname="Itexicos-MacBook-Pro.local" failures="0" tests="1" name="EddieByGiddy.EddieByGiddyMaven.AddToCartEddieOneTime" time="20.885" errors="0" timestamp="2021-07-15T12:51:08 CDT" skipped="0">
  <testcase classname="EddieByGiddy.EddieByGiddyMaven.AddToCartEddieOneTime" name="EddieOneTime" time="20.885"/>
  <system-out/>
</testsuite> <!-- EddieByGiddy.EddieByGiddyMaven.AddToCartEddieOneTime -->
