<?xml version="1.0" encoding="UTF-8"?>
<!-- Generated by org.testng.reporters.JUnitReportReporter -->
<testsuite hostname="Itexicos-MacBook-Pro.local" failures="0" tests="1" name="EddieByGiddy.EddieByGiddyMaven.AddToCart" time="19.428" errors="0" timestamp="2021-04-21T11:23:08 CDT" skipped="0">
  <testcase classname="EddieByGiddy.EddieByGiddyMaven.AddToCart" name="AddToCartChecktOut" time="19.428"/>
  <system-out/>
</testsuite> <!-- EddieByGiddy.EddieByGiddyMaven.AddToCart -->
