<?xml version="1.0" encoding="UTF-8"?>
<!-- Generated by org.testng.reporters.JUnitReportReporter -->
<testsuite hostname="Itexicos-MacBook-Pro.local" failures="0" tests="1" name="EddieByGiddy.EddieByGiddyMaven.DATest" time="33.010" errors="0" timestamp="2021-04-21T11:23:08 CDT" skipped="0">
  <testcase classname="EddieByGiddy.EddieByGiddyMaven.DATest" name="DeliveryAddress" time="33.010"/>
  <system-out/>
</testsuite> <!-- EddieByGiddy.EddieByGiddyMaven.DATest -->
