<?xml version="1.0" encoding="UTF-8"?>
<!-- Generated by org.testng.reporters.JUnitReportReporter -->
<testsuite hostname="Itexicos-MacBook-Pro.local" failures="0" tests="1" name="EddieByGiddy.EddieByGiddyMaven.AddToCart" time="22.166" errors="0" timestamp="2021-07-15T12:51:08 CDT" skipped="0">
  <testcase classname="EddieByGiddy.EddieByGiddyMaven.AddToCart" name="AddToCartChecktOut" time="22.166"/>
  <system-out/>
</testsuite> <!-- EddieByGiddy.EddieByGiddyMaven.AddToCart -->
